<?xml version="1.0" encoding="UTF-8"?>
<!-- Generated by org.testng.reporters.JUnitReportReporter -->
<testsuite hostname="DESKTOP-APMQA8S" failures="0" tests="1" name="testrunner3.testrunner3$testrunner" time="0.000" errors="0" timestamp="2021-07-16T21:50:48 PDT" skipped="1">
  <testcase classname="testrunner3.testrunner3$testrunner" name="feature" time="0.000">
    <skipped/>
  </testcase> <!-- feature -->
  <system-out/>
</testsuite> <!-- testrunner3.testrunner3$testrunner -->
